Analysis & Synthesis report for uart_controller
Mon Jul 02 18:54:57 2018
Quartus II 64-Bit Version 13.0.1 Build 232 06/12/2013 Service Pack 1 SJ Web Edition


---------------------
; Table of Contents ;
---------------------
  1. Legal Notice
  2. Analysis & Synthesis Summary
  3. Analysis & Synthesis Settings
  4. Parallel Compilation
  5. Analysis & Synthesis Source Files Read
  6. Analysis & Synthesis Resource Usage Summary
  7. Analysis & Synthesis Resource Utilization by Entity
  8. Analysis & Synthesis RAM Summary
  9. Analysis & Synthesis IP Cores Summary
 10. State Machine - |uart_controller|uart_rx:uart_rx|state
 11. State Machine - |uart_controller|fifo_controller:fifo_controller|state_2
 12. State Machine - |uart_controller|fifo_controller:fifo_controller|state
 13. Registers Removed During Synthesis
 14. General Register Statistics
 15. Source assignments for fifo_controller:fifo_controller|fifo:fifo|scfifo:scfifo_component|scfifo_la31:auto_generated|a_dpfifo_sg31:dpfifo|dpram_e811:FIFOram|altsyncram_e3k1:altsyncram1
 16. Parameter Settings for User Entity Instance: fifo_controller:fifo_controller|fifo:fifo|scfifo:scfifo_component
 17. scfifo Parameter Settings by Entity Instance
 18. Port Connectivity Checks: "uart_rx:uart_rx"
 19. Port Connectivity Checks: "mux4_1_4bits:mux4_1_4bits"
 20. Port Connectivity Checks: "fifo_controller:fifo_controller|fifo:fifo"
 21. Elapsed Time Per Partition
 22. Analysis & Synthesis Messages



----------------
; Legal Notice ;
----------------
Copyright (C) 1991-2013 Altera Corporation
Your use of Altera Corporation's design tools, logic functions 
and other software and tools, and its AMPP partner logic 
functions, and any output files from any of the foregoing 
(including device programming or simulation files), and any 
associated documentation or information are expressly subject 
to the terms and conditions of the Altera Program License 
Subscription Agreement, Altera MegaCore Function License 
Agreement, or other applicable license agreement, including, 
without limitation, that your use is for the sole purpose of 
programming logic devices manufactured by Altera and sold by 
Altera or its authorized distributors.  Please refer to the 
applicable agreement for further details.



+--------------------------------------------------------------------------------------+
; Analysis & Synthesis Summary                                                         ;
+------------------------------------+-------------------------------------------------+
; Analysis & Synthesis Status        ; Successful - Mon Jul 02 18:54:57 2018           ;
; Quartus II 64-Bit Version          ; 13.0.1 Build 232 06/12/2013 SP 1 SJ Web Edition ;
; Revision Name                      ; uart_controller                                 ;
; Top-level Entity Name              ; uart_controller                                 ;
; Family                             ; Cyclone IV E                                    ;
; Total logic elements               ; 176                                             ;
;     Total combinational functions  ; 176                                             ;
;     Dedicated logic registers      ; 106                                             ;
; Total registers                    ; 106                                             ;
; Total pins                         ; 22                                              ;
; Total virtual pins                 ; 0                                               ;
; Total memory bits                  ; 16,384                                          ;
; Embedded Multiplier 9-bit elements ; 0                                               ;
; Total PLLs                         ; 0                                               ;
+------------------------------------+-------------------------------------------------+


+----------------------------------------------------------------------------------------------------------------------+
; Analysis & Synthesis Settings                                                                                        ;
+----------------------------------------------------------------------------+--------------------+--------------------+
; Option                                                                     ; Setting            ; Default Value      ;
+----------------------------------------------------------------------------+--------------------+--------------------+
; Device                                                                     ; EP4CE6E22C7        ;                    ;
; Top-level entity name                                                      ; uart_controller    ; uart_controller    ;
; Family name                                                                ; Cyclone IV E       ; Cyclone IV GX      ;
; Use smart compilation                                                      ; Off                ; Off                ;
; Enable parallel Assembler and TimeQuest Timing Analyzer during compilation ; On                 ; On                 ;
; Enable compact report table                                                ; Off                ; Off                ;
; Restructure Multiplexers                                                   ; Auto               ; Auto               ;
; Create Debugging Nodes for IP Cores                                        ; Off                ; Off                ;
; Preserve fewer node names                                                  ; On                 ; On                 ;
; Disable OpenCore Plus hardware evaluation                                  ; Off                ; Off                ;
; Verilog Version                                                            ; Verilog_2001       ; Verilog_2001       ;
; VHDL Version                                                               ; VHDL_1993          ; VHDL_1993          ;
; State Machine Processing                                                   ; Auto               ; Auto               ;
; Safe State Machine                                                         ; Off                ; Off                ;
; Extract Verilog State Machines                                             ; On                 ; On                 ;
; Extract VHDL State Machines                                                ; On                 ; On                 ;
; Ignore Verilog initial constructs                                          ; Off                ; Off                ;
; Iteration limit for constant Verilog loops                                 ; 5000               ; 5000               ;
; Iteration limit for non-constant Verilog loops                             ; 250                ; 250                ;
; Add Pass-Through Logic to Inferred RAMs                                    ; On                 ; On                 ;
; Infer RAMs from Raw Logic                                                  ; On                 ; On                 ;
; Parallel Synthesis                                                         ; On                 ; On                 ;
; DSP Block Balancing                                                        ; Auto               ; Auto               ;
; NOT Gate Push-Back                                                         ; On                 ; On                 ;
; Power-Up Don't Care                                                        ; On                 ; On                 ;
; Remove Redundant Logic Cells                                               ; Off                ; Off                ;
; Remove Duplicate Registers                                                 ; On                 ; On                 ;
; Ignore CARRY Buffers                                                       ; Off                ; Off                ;
; Ignore CASCADE Buffers                                                     ; Off                ; Off                ;
; Ignore GLOBAL Buffers                                                      ; Off                ; Off                ;
; Ignore ROW GLOBAL Buffers                                                  ; Off                ; Off                ;
; Ignore LCELL Buffers                                                       ; Off                ; Off                ;
; Ignore SOFT Buffers                                                        ; On                 ; On                 ;
; Limit AHDL Integers to 32 Bits                                             ; Off                ; Off                ;
; Optimization Technique                                                     ; Balanced           ; Balanced           ;
; Carry Chain Length                                                         ; 70                 ; 70                 ;
; Auto Carry Chains                                                          ; On                 ; On                 ;
; Auto Open-Drain Pins                                                       ; On                 ; On                 ;
; Perform WYSIWYG Primitive Resynthesis                                      ; Off                ; Off                ;
; Auto ROM Replacement                                                       ; On                 ; On                 ;
; Auto RAM Replacement                                                       ; On                 ; On                 ;
; Auto DSP Block Replacement                                                 ; On                 ; On                 ;
; Auto Shift Register Replacement                                            ; Auto               ; Auto               ;
; Allow Shift Register Merging across Hierarchies                            ; Auto               ; Auto               ;
; Auto Clock Enable Replacement                                              ; On                 ; On                 ;
; Strict RAM Replacement                                                     ; Off                ; Off                ;
; Allow Synchronous Control Signals                                          ; On                 ; On                 ;
; Force Use of Synchronous Clear Signals                                     ; Off                ; Off                ;
; Auto RAM Block Balancing                                                   ; On                 ; On                 ;
; Auto RAM to Logic Cell Conversion                                          ; Off                ; Off                ;
; Auto Resource Sharing                                                      ; Off                ; Off                ;
; Allow Any RAM Size For Recognition                                         ; Off                ; Off                ;
; Allow Any ROM Size For Recognition                                         ; Off                ; Off                ;
; Allow Any Shift Register Size For Recognition                              ; Off                ; Off                ;
; Use LogicLock Constraints during Resource Balancing                        ; On                 ; On                 ;
; Ignore translate_off and synthesis_off directives                          ; Off                ; Off                ;
; Timing-Driven Synthesis                                                    ; On                 ; On                 ;
; Report Parameter Settings                                                  ; On                 ; On                 ;
; Report Source Assignments                                                  ; On                 ; On                 ;
; Report Connectivity Checks                                                 ; On                 ; On                 ;
; Ignore Maximum Fan-Out Assignments                                         ; Off                ; Off                ;
; Synchronization Register Chain Length                                      ; 2                  ; 2                  ;
; PowerPlay Power Optimization                                               ; Normal compilation ; Normal compilation ;
; HDL message level                                                          ; Level2             ; Level2             ;
; Suppress Register Optimization Related Messages                            ; Off                ; Off                ;
; Number of Removed Registers Reported in Synthesis Report                   ; 5000               ; 5000               ;
; Number of Swept Nodes Reported in Synthesis Report                         ; 5000               ; 5000               ;
; Number of Inverted Registers Reported in Synthesis Report                  ; 100                ; 100                ;
; Clock MUX Protection                                                       ; On                 ; On                 ;
; Auto Gated Clock Conversion                                                ; Off                ; Off                ;
; Block Design Naming                                                        ; Auto               ; Auto               ;
; SDC constraint protection                                                  ; Off                ; Off                ;
; Synthesis Effort                                                           ; Auto               ; Auto               ;
; Shift Register Replacement - Allow Asynchronous Clear Signal               ; On                 ; On                 ;
; Pre-Mapping Resynthesis Optimization                                       ; Off                ; Off                ;
; Analysis & Synthesis Message Level                                         ; Medium             ; Medium             ;
; Disable Register Merging Across Hierarchies                                ; Auto               ; Auto               ;
; Resource Aware Inference For Block RAM                                     ; On                 ; On                 ;
; Synthesis Seed                                                             ; 1                  ; 1                  ;
+----------------------------------------------------------------------------+--------------------+--------------------+


Parallel compilation was disabled, but you have multiple processors available. Enable parallel compilation to reduce compilation time.
+-------------------------------------+
; Parallel Compilation                ;
+----------------------------+--------+
; Processors                 ; Number ;
+----------------------------+--------+
; Number detected on machine ; 4      ;
; Maximum allowed            ; 1      ;
+----------------------------+--------+


+----------------------------------------------------------------------------------------------------------------------------------------------------------------+
; Analysis & Synthesis Source Files Read                                                                                                                         ;
+----------------------------------+-----------------+------------------------------+------------------------------------------------------------------+---------+
; File Name with User-Entered Path ; Used in Netlist ; File Type                    ; File Name with Absolute Path                                     ; Library ;
+----------------------------------+-----------------+------------------------------+------------------------------------------------------------------+---------+
; uart_controller.v                ; yes             ; User Verilog HDL File        ; C:/Users/Nadi/Desktop/uart_controller/uart_controller.v          ;         ;
; baud_9600_generator.v            ; yes             ; User Verilog HDL File        ; C:/Users/Nadi/Desktop/uart_controller/baud_9600_generator.v      ;         ;
; baud_7200_generator.v            ; yes             ; User Verilog HDL File        ; C:/Users/Nadi/Desktop/uart_controller/baud_7200_generator.v      ;         ;
; baud_19200_generator.v           ; yes             ; User Verilog HDL File        ; C:/Users/Nadi/Desktop/uart_controller/baud_19200_generator.v     ;         ;
; baud_115200_generator.v          ; yes             ; User Verilog HDL File        ; C:/Users/Nadi/Desktop/uart_controller/baud_115200_generator.v    ;         ;
; uart_rx.v                        ; yes             ; User Verilog HDL File        ; C:/Users/Nadi/Desktop/uart_controller/uart_rx.v                  ;         ;
; mux4_1.v                         ; yes             ; User Verilog HDL File        ; C:/Users/Nadi/Desktop/uart_controller/mux4_1.v                   ;         ;
; mux4_1_4bits.v                   ; yes             ; User Verilog HDL File        ; C:/Users/Nadi/Desktop/uart_controller/mux4_1_4bits.v             ;         ;
; fifo.v                           ; yes             ; User Wizard-Generated File   ; C:/Users/Nadi/Desktop/uart_controller/fifo.v                     ;         ;
; fifo_controller.v                ; yes             ; User Verilog HDL File        ; C:/Users/Nadi/Desktop/uart_controller/fifo_controller.v          ;         ;
; scfifo.tdf                       ; yes             ; Megafunction                 ; c:/altera/13.0sp1/quartus/libraries/megafunctions/scfifo.tdf     ;         ;
; a_regfifo.inc                    ; yes             ; Megafunction                 ; c:/altera/13.0sp1/quartus/libraries/megafunctions/a_regfifo.inc  ;         ;
; a_dpfifo.inc                     ; yes             ; Megafunction                 ; c:/altera/13.0sp1/quartus/libraries/megafunctions/a_dpfifo.inc   ;         ;
; a_i2fifo.inc                     ; yes             ; Megafunction                 ; c:/altera/13.0sp1/quartus/libraries/megafunctions/a_i2fifo.inc   ;         ;
; a_fffifo.inc                     ; yes             ; Megafunction                 ; c:/altera/13.0sp1/quartus/libraries/megafunctions/a_fffifo.inc   ;         ;
; a_f2fifo.inc                     ; yes             ; Megafunction                 ; c:/altera/13.0sp1/quartus/libraries/megafunctions/a_f2fifo.inc   ;         ;
; aglobal130.inc                   ; yes             ; Megafunction                 ; c:/altera/13.0sp1/quartus/libraries/megafunctions/aglobal130.inc ;         ;
; db/scfifo_la31.tdf               ; yes             ; Auto-Generated Megafunction  ; C:/Users/Nadi/Desktop/uart_controller/db/scfifo_la31.tdf         ;         ;
; db/a_dpfifo_sg31.tdf             ; yes             ; Auto-Generated Megafunction  ; C:/Users/Nadi/Desktop/uart_controller/db/a_dpfifo_sg31.tdf       ;         ;
; db/a_fefifo_raf.tdf              ; yes             ; Auto-Generated Megafunction  ; C:/Users/Nadi/Desktop/uart_controller/db/a_fefifo_raf.tdf        ;         ;
; db/cntr_pp7.tdf                  ; yes             ; Auto-Generated Megafunction  ; C:/Users/Nadi/Desktop/uart_controller/db/cntr_pp7.tdf            ;         ;
; db/dpram_e811.tdf                ; yes             ; Auto-Generated Megafunction  ; C:/Users/Nadi/Desktop/uart_controller/db/dpram_e811.tdf          ;         ;
; db/altsyncram_e3k1.tdf           ; yes             ; Auto-Generated Megafunction  ; C:/Users/Nadi/Desktop/uart_controller/db/altsyncram_e3k1.tdf     ;         ;
; db/cntr_dpb.tdf                  ; yes             ; Auto-Generated Megafunction  ; C:/Users/Nadi/Desktop/uart_controller/db/cntr_dpb.tdf            ;         ;
+----------------------------------+-----------------+------------------------------+------------------------------------------------------------------+---------+


+---------------------------------------------------------+
; Analysis & Synthesis Resource Usage Summary             ;
+---------------------------------------------+-----------+
; Resource                                    ; Usage     ;
+---------------------------------------------+-----------+
; Estimated Total logic elements              ; 176       ;
;                                             ;           ;
; Total combinational functions               ; 176       ;
; Logic element usage by number of LUT inputs ;           ;
;     -- 4 input functions                    ; 57        ;
;     -- 3 input functions                    ; 35        ;
;     -- <=2 input functions                  ; 84        ;
;                                             ;           ;
; Logic elements by mode                      ;           ;
;     -- normal mode                          ; 98        ;
;     -- arithmetic mode                      ; 78        ;
;                                             ;           ;
; Total registers                             ; 106       ;
;     -- Dedicated logic registers            ; 106       ;
;     -- I/O registers                        ; 0         ;
;                                             ;           ;
; I/O pins                                    ; 22        ;
; Total memory bits                           ; 16384     ;
; Embedded Multiplier 9-bit elements          ; 0         ;
; Maximum fan-out node                        ; clk~input ;
; Maximum fan-out                             ; 96        ;
; Total fan-out                               ; 1091      ;
; Average fan-out                             ; 3.27      ;
+---------------------------------------------+-----------+


+-------------------------------------------------------------------------------------------------------------------------------------------------------------------------------------------------------------------------------------------------------------------------------------------------------------------------------------------------------------------+
; Analysis & Synthesis Resource Utilization by Entity                                                                                                                                                                                                                                                                                                               ;
+----------------------------------------------------+-------------------+--------------+-------------+--------------+---------+-----------+------+--------------+-----------------------------------------------------------------------------------------------------------------------------------------------------------------------------------+--------------+
; Compilation Hierarchy Node                         ; LC Combinationals ; LC Registers ; Memory Bits ; DSP Elements ; DSP 9x9 ; DSP 18x18 ; Pins ; Virtual Pins ; Full Hierarchy Name                                                                                                                                                               ; Library Name ;
+----------------------------------------------------+-------------------+--------------+-------------+--------------+---------+-----------+------+--------------+-----------------------------------------------------------------------------------------------------------------------------------------------------------------------------------+--------------+
; |uart_controller                                   ; 176 (0)           ; 106 (0)      ; 16384       ; 0            ; 0       ; 0         ; 22   ; 0            ; |uart_controller                                                                                                                                                                  ; work         ;
;    |baud_115200_generator:baud_115200_generator|   ; 11 (11)           ; 9 (9)        ; 0           ; 0            ; 0       ; 0         ; 0    ; 0            ; |uart_controller|baud_115200_generator:baud_115200_generator                                                                                                                      ; work         ;
;    |baud_19200_generator:baud_19200_generator|     ; 16 (16)           ; 12 (12)      ; 0           ; 0            ; 0       ; 0         ; 0    ; 0            ; |uart_controller|baud_19200_generator:baud_19200_generator                                                                                                                        ; work         ;
;    |baud_7200_generator:baud_7200_generator|       ; 17 (17)           ; 13 (13)      ; 0           ; 0            ; 0       ; 0         ; 0    ; 0            ; |uart_controller|baud_7200_generator:baud_7200_generator                                                                                                                          ; work         ;
;    |baud_9600_generator:baud_9600_generator|       ; 17 (17)           ; 13 (13)      ; 0           ; 0            ; 0       ; 0         ; 0    ; 0            ; |uart_controller|baud_9600_generator:baud_9600_generator                                                                                                                          ; work         ;
;    |fifo_controller:fifo_controller|               ; 52 (6)            ; 41 (6)       ; 16384       ; 0            ; 0       ; 0         ; 0    ; 0            ; |uart_controller|fifo_controller:fifo_controller                                                                                                                                  ; work         ;
;       |fifo:fifo|                                  ; 46 (0)            ; 35 (0)       ; 16384       ; 0            ; 0       ; 0         ; 0    ; 0            ; |uart_controller|fifo_controller:fifo_controller|fifo:fifo                                                                                                                        ; work         ;
;          |scfifo:scfifo_component|                 ; 46 (0)            ; 35 (0)       ; 16384       ; 0            ; 0       ; 0         ; 0    ; 0            ; |uart_controller|fifo_controller:fifo_controller|fifo:fifo|scfifo:scfifo_component                                                                                                ; work         ;
;             |scfifo_la31:auto_generated|           ; 46 (0)            ; 35 (0)       ; 16384       ; 0            ; 0       ; 0         ; 0    ; 0            ; |uart_controller|fifo_controller:fifo_controller|fifo:fifo|scfifo:scfifo_component|scfifo_la31:auto_generated                                                                     ; work         ;
;                |a_dpfifo_sg31:dpfifo|              ; 46 (2)            ; 35 (0)       ; 16384       ; 0            ; 0       ; 0         ; 0    ; 0            ; |uart_controller|fifo_controller:fifo_controller|fifo:fifo|scfifo:scfifo_component|scfifo_la31:auto_generated|a_dpfifo_sg31:dpfifo                                                ; work         ;
;                   |a_fefifo_raf:fifo_state|        ; 22 (11)           ; 13 (2)       ; 0           ; 0            ; 0       ; 0         ; 0    ; 0            ; |uart_controller|fifo_controller:fifo_controller|fifo:fifo|scfifo:scfifo_component|scfifo_la31:auto_generated|a_dpfifo_sg31:dpfifo|a_fefifo_raf:fifo_state                        ; work         ;
;                      |cntr_pp7:count_usedw|        ; 11 (11)           ; 11 (11)      ; 0           ; 0            ; 0       ; 0         ; 0    ; 0            ; |uart_controller|fifo_controller:fifo_controller|fifo:fifo|scfifo:scfifo_component|scfifo_la31:auto_generated|a_dpfifo_sg31:dpfifo|a_fefifo_raf:fifo_state|cntr_pp7:count_usedw   ; work         ;
;                   |cntr_dpb:rd_ptr_count|          ; 11 (11)           ; 11 (11)      ; 0           ; 0            ; 0       ; 0         ; 0    ; 0            ; |uart_controller|fifo_controller:fifo_controller|fifo:fifo|scfifo:scfifo_component|scfifo_la31:auto_generated|a_dpfifo_sg31:dpfifo|cntr_dpb:rd_ptr_count                          ; work         ;
;                   |cntr_dpb:wr_ptr|                ; 11 (11)           ; 11 (11)      ; 0           ; 0            ; 0       ; 0         ; 0    ; 0            ; |uart_controller|fifo_controller:fifo_controller|fifo:fifo|scfifo:scfifo_component|scfifo_la31:auto_generated|a_dpfifo_sg31:dpfifo|cntr_dpb:wr_ptr                                ; work         ;
;                   |dpram_e811:FIFOram|             ; 0 (0)             ; 0 (0)        ; 16384       ; 0            ; 0       ; 0         ; 0    ; 0            ; |uart_controller|fifo_controller:fifo_controller|fifo:fifo|scfifo:scfifo_component|scfifo_la31:auto_generated|a_dpfifo_sg31:dpfifo|dpram_e811:FIFOram                             ; work         ;
;                      |altsyncram_e3k1:altsyncram1| ; 0 (0)             ; 0 (0)        ; 16384       ; 0            ; 0       ; 0         ; 0    ; 0            ; |uart_controller|fifo_controller:fifo_controller|fifo:fifo|scfifo:scfifo_component|scfifo_la31:auto_generated|a_dpfifo_sg31:dpfifo|dpram_e811:FIFOram|altsyncram_e3k1:altsyncram1 ; work         ;
;    |mux4_1:mux4_1|                                 ; 2 (2)             ; 0 (0)        ; 0           ; 0            ; 0       ; 0         ; 0    ; 0            ; |uart_controller|mux4_1:mux4_1                                                                                                                                                    ; work         ;
;    |mux4_1_4bits:mux4_1_4bits|                     ; 1 (1)             ; 0 (0)        ; 0           ; 0            ; 0       ; 0         ; 0    ; 0            ; |uart_controller|mux4_1_4bits:mux4_1_4bits                                                                                                                                        ; work         ;
;    |uart_rx:uart_rx|                               ; 60 (60)           ; 18 (18)      ; 0           ; 0            ; 0       ; 0         ; 0    ; 0            ; |uart_controller|uart_rx:uart_rx                                                                                                                                                  ; work         ;
+----------------------------------------------------+-------------------+--------------+-------------+--------------+---------+-----------+------+--------------+-----------------------------------------------------------------------------------------------------------------------------------------------------------------------------------+--------------+
Note: For table entries with two numbers listed, the numbers in parentheses indicate the number of resources of the given type used by the specific entity alone. The numbers listed outside of parentheses indicate the total resources of the given type used by the specific entity and all of its sub-entities in the hierarchy.


+----------------------------------------------------------------------------------------------------------------------------------------------------------------------------------------------------------------------------------------------------------------------------------+
; Analysis & Synthesis RAM Summary                                                                                                                                                                                                                                                 ;
+-----------------------------------------------------------------------------------------------------------------------------------------------------------------------------+------+------------------+--------------+--------------+--------------+--------------+-------+------+
; Name                                                                                                                                                                        ; Type ; Mode             ; Port A Depth ; Port A Width ; Port B Depth ; Port B Width ; Size  ; MIF  ;
+-----------------------------------------------------------------------------------------------------------------------------------------------------------------------------+------+------------------+--------------+--------------+--------------+--------------+-------+------+
; fifo_controller:fifo_controller|fifo:fifo|scfifo:scfifo_component|scfifo_la31:auto_generated|a_dpfifo_sg31:dpfifo|dpram_e811:FIFOram|altsyncram_e3k1:altsyncram1|ALTSYNCRAM ; AUTO ; Simple Dual Port ; 2048         ; 8            ; 2048         ; 8            ; 16384 ; None ;
+-----------------------------------------------------------------------------------------------------------------------------------------------------------------------------+------+------------------+--------------+--------------+--------------+--------------+-------+------+


+---------------------------------------------------------------------------------------------------------------------------------------------------------------------------+
; Analysis & Synthesis IP Cores Summary                                                                                                                                     ;
+--------+--------------+---------+--------------+--------------+------------------------------------------------------------+----------------------------------------------+
; Vendor ; IP Core Name ; Version ; Release Date ; License Type ; Entity Instance                                            ; IP Include File                              ;
+--------+--------------+---------+--------------+--------------+------------------------------------------------------------+----------------------------------------------+
; Altera ; FIFO         ; 13.0    ; N/A          ; N/A          ; |uart_controller|fifo_controller:fifo_controller|fifo:fifo ; C:/Users/Nadi/Desktop/uart_controller/fifo.v ;
+--------+--------------+---------+--------------+--------------+------------------------------------------------------------+----------------------------------------------+


Encoding Type:  One-Hot
+---------------------------------------------------------------------------------------------+
; State Machine - |uart_controller|uart_rx:uart_rx|state                                      ;
+-----------------+------------+----------------+-----------------+------------+--------------+
; Name            ; state.done ; state.checking ; state.receiving ; state.idle ; state.failed ;
+-----------------+------------+----------------+-----------------+------------+--------------+
; state.idle      ; 0          ; 0              ; 0               ; 0          ; 0            ;
; state.receiving ; 0          ; 0              ; 1               ; 1          ; 0            ;
; state.checking  ; 0          ; 1              ; 0               ; 1          ; 0            ;
; state.done      ; 1          ; 0              ; 0               ; 1          ; 0            ;
; state.failed    ; 0          ; 0              ; 0               ; 1          ; 1            ;
+-----------------+------------+----------------+-----------------+------------+--------------+


Encoding Type:  One-Hot
+--------------------------------------------------------------------------+
; State Machine - |uart_controller|fifo_controller:fifo_controller|state_2 ;
+-----------+-----------+-----------+--------------------------------------+
; Name      ; state_2.a ; state_2.c ; state_2.b                            ;
+-----------+-----------+-----------+--------------------------------------+
; state_2.a ; 0         ; 0         ; 0                                    ;
; state_2.b ; 1         ; 0         ; 1                                    ;
; state_2.c ; 1         ; 1         ; 0                                    ;
+-----------+-----------+-----------+--------------------------------------+


Encoding Type:  One-Hot
+------------------------------------------------------------------------+
; State Machine - |uart_controller|fifo_controller:fifo_controller|state ;
+---------+---------+---------+------------------------------------------+
; Name    ; state.a ; state.c ; state.b                                  ;
+---------+---------+---------+------------------------------------------+
; state.a ; 0       ; 0       ; 0                                        ;
; state.b ; 1       ; 0       ; 1                                        ;
; state.c ; 1       ; 1       ; 0                                        ;
+---------+---------+---------+------------------------------------------+


+----------------------------------------------------------------+
; Registers Removed During Synthesis                             ;
+-------------------------------------------+--------------------+
; Register name                             ; Reason for Removal ;
+-------------------------------------------+--------------------+
; uart_rx:uart_rx|state~2                   ; Lost fanout        ;
; uart_rx:uart_rx|state~3                   ; Lost fanout        ;
; fifo_controller:fifo_controller|state_2.c ; Lost fanout        ;
; fifo_controller:fifo_controller|state.c   ; Lost fanout        ;
; uart_rx:uart_rx|state.failed              ; Lost fanout        ;
; Total Number of Removed Registers = 5     ;                    ;
+-------------------------------------------+--------------------+


+------------------------------------------------------+
; General Register Statistics                          ;
+----------------------------------------------+-------+
; Statistic                                    ; Value ;
+----------------------------------------------+-------+
; Total registers                              ; 106   ;
; Number of registers using Synchronous Clear  ; 63    ;
; Number of registers using Synchronous Load   ; 0     ;
; Number of registers using Asynchronous Clear ; 0     ;
; Number of registers using Asynchronous Load  ; 0     ;
; Number of registers using Clock Enable       ; 84    ;
; Number of registers using Preset             ; 0     ;
+----------------------------------------------+-------+


+-----------------------------------------------------------------------------------------------------------------------------------------------------------------------------------------+
; Source assignments for fifo_controller:fifo_controller|fifo:fifo|scfifo:scfifo_component|scfifo_la31:auto_generated|a_dpfifo_sg31:dpfifo|dpram_e811:FIFOram|altsyncram_e3k1:altsyncram1 ;
+---------------------------------+--------------------+------+---------------------------------------------------------------------------------------------------------------------------+
; Assignment                      ; Value              ; From ; To                                                                                                                        ;
+---------------------------------+--------------------+------+---------------------------------------------------------------------------------------------------------------------------+
; OPTIMIZE_POWER_DURING_SYNTHESIS ; NORMAL_COMPILATION ; -    ; -                                                                                                                         ;
+---------------------------------+--------------------+------+---------------------------------------------------------------------------------------------------------------------------+


+----------------------------------------------------------------------------------------------------------------+
; Parameter Settings for User Entity Instance: fifo_controller:fifo_controller|fifo:fifo|scfifo:scfifo_component ;
+-------------------------+--------------+-----------------------------------------------------------------------+
; Parameter Name          ; Value        ; Type                                                                  ;
+-------------------------+--------------+-----------------------------------------------------------------------+
; AUTO_CARRY_CHAINS       ; ON           ; AUTO_CARRY                                                            ;
; IGNORE_CARRY_BUFFERS    ; OFF          ; IGNORE_CARRY                                                          ;
; AUTO_CASCADE_CHAINS     ; ON           ; AUTO_CASCADE                                                          ;
; IGNORE_CASCADE_BUFFERS  ; OFF          ; IGNORE_CASCADE                                                        ;
; lpm_width               ; 8            ; Signed Integer                                                        ;
; LPM_NUMWORDS            ; 2048         ; Signed Integer                                                        ;
; LPM_WIDTHU              ; 11           ; Signed Integer                                                        ;
; LPM_SHOWAHEAD           ; OFF          ; Untyped                                                               ;
; UNDERFLOW_CHECKING      ; ON           ; Untyped                                                               ;
; OVERFLOW_CHECKING       ; ON           ; Untyped                                                               ;
; ALLOW_RWCYCLE_WHEN_FULL ; OFF          ; Untyped                                                               ;
; ADD_RAM_OUTPUT_REGISTER ; OFF          ; Untyped                                                               ;
; ALMOST_FULL_VALUE       ; 0            ; Untyped                                                               ;
; ALMOST_EMPTY_VALUE      ; 0            ; Untyped                                                               ;
; USE_EAB                 ; ON           ; Untyped                                                               ;
; MAXIMIZE_SPEED          ; 5            ; Untyped                                                               ;
; DEVICE_FAMILY           ; Cyclone IV E ; Untyped                                                               ;
; OPTIMIZE_FOR_SPEED      ; 5            ; Untyped                                                               ;
; CBXI_PARAMETER          ; scfifo_la31  ; Untyped                                                               ;
+-------------------------+--------------+-----------------------------------------------------------------------+
Note: In order to hide this table in the UI and the text report file, please set the "Show Parameter Settings in Synthesis Report" option in "Analysis and Synthesis Settings -> More Settings" to "Off".


+------------------------------------------------------------------------------------------------+
; scfifo Parameter Settings by Entity Instance                                                   ;
+----------------------------+-------------------------------------------------------------------+
; Name                       ; Value                                                             ;
+----------------------------+-------------------------------------------------------------------+
; Number of entity instances ; 1                                                                 ;
; Entity Instance            ; fifo_controller:fifo_controller|fifo:fifo|scfifo:scfifo_component ;
;     -- FIFO Type           ; Single Clock                                                      ;
;     -- lpm_width           ; 8                                                                 ;
;     -- LPM_NUMWORDS        ; 2048                                                              ;
;     -- LPM_SHOWAHEAD       ; OFF                                                               ;
;     -- USE_EAB             ; ON                                                                ;
+----------------------------+-------------------------------------------------------------------+


+-----------------------------------------------------------------------------------------------------------------+
; Port Connectivity Checks: "uart_rx:uart_rx"                                                                     ;
+-------+--------+----------+-------------------------------------------------------------------------------------+
; Port  ; Type   ; Severity ; Details                                                                             ;
+-------+--------+----------+-------------------------------------------------------------------------------------+
; error ; Output ; Info     ; Connected to dangling logic. Logic that only feeds a dangling port will be removed. ;
+-------+--------+----------+-------------------------------------------------------------------------------------+


+-------------------------------------------------------+
; Port Connectivity Checks: "mux4_1_4bits:mux4_1_4bits" ;
+---------+-------+----------+--------------------------+
; Port    ; Type  ; Severity ; Details                  ;
+---------+-------+----------+--------------------------+
; a[3]    ; Input ; Info     ; Stuck at GND             ;
; a[2]    ; Input ; Info     ; Stuck at VCC             ;
; a[1]    ; Input ; Info     ; Stuck at GND             ;
; a[0]    ; Input ; Info     ; Stuck at VCC             ;
; b[2..1] ; Input ; Info     ; Stuck at VCC             ;
; b[3]    ; Input ; Info     ; Stuck at GND             ;
; b[0]    ; Input ; Info     ; Stuck at GND             ;
; c[2..0] ; Input ; Info     ; Stuck at VCC             ;
; c[3]    ; Input ; Info     ; Stuck at GND             ;
; d[2..0] ; Input ; Info     ; Stuck at GND             ;
; d[3]    ; Input ; Info     ; Stuck at VCC             ;
+---------+-------+----------+--------------------------+


+-----------------------------------------------------------------------+
; Port Connectivity Checks: "fifo_controller:fifo_controller|fifo:fifo" ;
+-------+--------+----------+-------------------------------------------+
; Port  ; Type   ; Severity ; Details                                   ;
+-------+--------+----------+-------------------------------------------+
; usedw ; Output ; Info     ; Explicitly unconnected                    ;
+-------+--------+----------+-------------------------------------------+


+-------------------------------+
; Elapsed Time Per Partition    ;
+----------------+--------------+
; Partition Name ; Elapsed Time ;
+----------------+--------------+
; Top            ; 00:00:03     ;
+----------------+--------------+


+-------------------------------+
; Analysis & Synthesis Messages ;
+-------------------------------+
Info: *******************************************************************
Info: Running Quartus II 64-Bit Analysis & Synthesis
    Info: Version 13.0.1 Build 232 06/12/2013 Service Pack 1 SJ Web Edition
    Info: Processing started: Mon Jul 02 18:54:45 2018
Info: Command: quartus_map --read_settings_files=on --write_settings_files=off uart_controller -c uart_controller
Warning (20028): Parallel compilation is not licensed and has been disabled
Info (12021): Found 1 design units, including 1 entities, in source file uart_controller.v
    Info (12023): Found entity 1: uart_controller
Info (12021): Found 1 design units, including 1 entities, in source file baud_9600_generator.v
    Info (12023): Found entity 1: baud_9600_generator
Info (12021): Found 1 design units, including 1 entities, in source file baud_7200_generator.v
    Info (12023): Found entity 1: baud_7200_generator
Info (12021): Found 1 design units, including 1 entities, in source file baud_19200_generator.v
    Info (12023): Found entity 1: baud_19200_generator
Info (12021): Found 1 design units, including 1 entities, in source file baud_115200_generator.v
    Info (12023): Found entity 1: baud_115200_generator
Info (12021): Found 1 design units, including 1 entities, in source file uart_rx.v
    Info (12023): Found entity 1: uart_rx
Info (12021): Found 1 design units, including 1 entities, in source file mux4_1.v
    Info (12023): Found entity 1: mux4_1
Info (12021): Found 1 design units, including 1 entities, in source file mux4_1_4bits.v
    Info (12023): Found entity 1: mux4_1_4bits
Info (12021): Found 1 design units, including 1 entities, in source file fifo.v
    Info (12023): Found entity 1: fifo
Info (12021): Found 1 design units, including 1 entities, in source file fifo_controller.v
    Info (12023): Found entity 1: fifo_controller
Info (12127): Elaborating entity "uart_controller" for the top level hierarchy
Info (12128): Elaborating entity "mux4_1" for hierarchy "mux4_1:mux4_1"
Info (12128): Elaborating entity "fifo_controller" for hierarchy "fifo_controller:fifo_controller"
Info (12128): Elaborating entity "fifo" for hierarchy "fifo_controller:fifo_controller|fifo:fifo"
Info (12128): Elaborating entity "scfifo" for hierarchy "fifo_controller:fifo_controller|fifo:fifo|scfifo:scfifo_component"
Info (12130): Elaborated megafunction instantiation "fifo_controller:fifo_controller|fifo:fifo|scfifo:scfifo_component"
Info (12133): Instantiated megafunction "fifo_controller:fifo_controller|fifo:fifo|scfifo:scfifo_component" with the following parameter:
    Info (12134): Parameter "add_ram_output_register" = "OFF"
    Info (12134): Parameter "intended_device_family" = "Cyclone IV E"
    Info (12134): Parameter "lpm_numwords" = "2048"
    Info (12134): Parameter "lpm_showahead" = "OFF"
    Info (12134): Parameter "lpm_type" = "scfifo"
    Info (12134): Parameter "lpm_width" = "8"
    Info (12134): Parameter "lpm_widthu" = "11"
    Info (12134): Parameter "overflow_checking" = "ON"
    Info (12134): Parameter "underflow_checking" = "ON"
    Info (12134): Parameter "use_eab" = "ON"
Info (12021): Found 1 design units, including 1 entities, in source file db/scfifo_la31.tdf
    Info (12023): Found entity 1: scfifo_la31
Info (12128): Elaborating entity "scfifo_la31" for hierarchy "fifo_controller:fifo_controller|fifo:fifo|scfifo:scfifo_component|scfifo_la31:auto_generated"
Info (12021): Found 1 design units, including 1 entities, in source file db/a_dpfifo_sg31.tdf
    Info (12023): Found entity 1: a_dpfifo_sg31
Info (12128): Elaborating entity "a_dpfifo_sg31" for hierarchy "fifo_controller:fifo_controller|fifo:fifo|scfifo:scfifo_component|scfifo_la31:auto_generated|a_dpfifo_sg31:dpfifo"
Info (12021): Found 1 design units, including 1 entities, in source file db/a_fefifo_raf.tdf
    Info (12023): Found entity 1: a_fefifo_raf
Info (12128): Elaborating entity "a_fefifo_raf" for hierarchy "fifo_controller:fifo_controller|fifo:fifo|scfifo:scfifo_component|scfifo_la31:auto_generated|a_dpfifo_sg31:dpfifo|a_fefifo_raf:fifo_state"
Info (12021): Found 1 design units, including 1 entities, in source file db/cntr_pp7.tdf
    Info (12023): Found entity 1: cntr_pp7
Info (12128): Elaborating entity "cntr_pp7" for hierarchy "fifo_controller:fifo_controller|fifo:fifo|scfifo:scfifo_component|scfifo_la31:auto_generated|a_dpfifo_sg31:dpfifo|a_fefifo_raf:fifo_state|cntr_pp7:count_usedw"
Info (12021): Found 1 design units, including 1 entities, in source file db/dpram_e811.tdf
    Info (12023): Found entity 1: dpram_e811
Info (12128): Elaborating entity "dpram_e811" for hierarchy "fifo_controller:fifo_controller|fifo:fifo|scfifo:scfifo_component|scfifo_la31:auto_generated|a_dpfifo_sg31:dpfifo|dpram_e811:FIFOram"
Info (12021): Found 1 design units, including 1 entities, in source file db/altsyncram_e3k1.tdf
    Info (12023): Found entity 1: altsyncram_e3k1
Info (12128): Elaborating entity "altsyncram_e3k1" for hierarchy "fifo_controller:fifo_controller|fifo:fifo|scfifo:scfifo_component|scfifo_la31:auto_generated|a_dpfifo_sg31:dpfifo|dpram_e811:FIFOram|altsyncram_e3k1:altsyncram1"
Info (12021): Found 1 design units, including 1 entities, in source file db/cntr_dpb.tdf
    Info (12023): Found entity 1: cntr_dpb
Info (12128): Elaborating entity "cntr_dpb" for hierarchy "fifo_controller:fifo_controller|fifo:fifo|scfifo:scfifo_component|scfifo_la31:auto_generated|a_dpfifo_sg31:dpfifo|cntr_dpb:rd_ptr_count"
Info (12128): Elaborating entity "mux4_1_4bits" for hierarchy "mux4_1_4bits:mux4_1_4bits"
Info (12128): Elaborating entity "uart_rx" for hierarchy "uart_rx:uart_rx"
Info (12128): Elaborating entity "baud_7200_generator" for hierarchy "baud_7200_generator:baud_7200_generator"
Info (12128): Elaborating entity "baud_9600_generator" for hierarchy "baud_9600_generator:baud_9600_generator"
Info (12128): Elaborating entity "baud_19200_generator" for hierarchy "baud_19200_generator:baud_19200_generator"
Info (12128): Elaborating entity "baud_115200_generator" for hierarchy "baud_115200_generator:baud_115200_generator"
Warning (19016): Clock multiplexers are found and protected
    Warning (19017): Found clock multiplexer mux4_1:mux4_1|Mux0
Info (286030): Timing-Driven Synthesis is running
Info (17049): 5 registers lost all their fanouts during netlist optimizations.
Info (16010): Generating hard_block partition "hard_block:auto_generated_inst"
    Info (16011): Adding 0 node(s), including 0 DDIO, 0 PLL, 0 transceiver and 0 LCELL
Warning (21074): Design contains 2 input pin(s) that do not drive logic
    Warning (15610): No output dependent on input pin "controls[4]"
    Warning (15610): No output dependent on input pin "rts"
Info (21057): Implemented 206 device resources after synthesis - the final resource count might be different
    Info (21058): Implemented 13 input pins
    Info (21059): Implemented 9 output pins
    Info (21061): Implemented 176 logic cells
    Info (21064): Implemented 8 RAM segments
Info: Quartus II 64-Bit Analysis & Synthesis was successful. 0 errors, 6 warnings
    Info: Peak virtual memory: 4613 megabytes
    Info: Processing ended: Mon Jul 02 18:54:57 2018
    Info: Elapsed time: 00:00:12
    Info: Total CPU time (on all processors): 00:00:04


